2024.07.04 14:46:35 INFO  Started: Metals version 1.3.2 in folders 'C:\Arthur\Efrei Paris\M1\S8\Functional Programming\Project\S8_FunctProg_Projet' for client Visual Studio Code 1.91.0.
SLF4J(W): Class path contains multiple SLF4J providers.
SLF4J(W): Found provider [scribe.slf4j.ScribeServiceProvider@40ff1191]
SLF4J(W): Found provider [ch.qos.logback.classic.spi.LogbackServiceProvider@39360e9b]
SLF4J(W): See https://www.slf4j.org/codes.html#multiple_bindings for an explanation.
SLF4J(I): Actual provider is of type [scribe.slf4j.ScribeServiceProvider@40ff1191]
2024.07.04 14:46:37 WARN  Flyway upgrade recommended: H2 2.2.224 is newer than this version of Flyway and support has not been tested. The latest supported version of H2 is 2.2.220.
2024.07.04 14:46:42 INFO  running 'C:\Program Files\Java\jdk-18.0.2.1\bin\java.exe -Djline.terminal=jline.UnsupportedTerminal -Dsbt.log.noformat=true -Dfile.encoding=UTF-8 -jar C:\Users\arrhu\AppData\Local\Temp\metals8949023994800716570\sbt-launch.jar -Dbloop.export-jar-classifiers=sources bloopInstall'
2024.07.04 14:46:45 INFO  [info] welcome to sbt 1.10.0 (Oracle Corporation Java 18.0.2.1)
2024.07.04 14:46:49 INFO  [info] loading settings for project s8_functprog_projet-build-build from metals.sbt ...
2024.07.04 14:46:50 INFO  [info] loading project definition from C:\Arthur\Efrei Paris\M1\S8\Functional Programming\Project\S8_FunctProg_Projet\project\project
2024.07.04 14:46:54 INFO  [info] loading settings for project s8_functprog_projet-build from metals.sbt ...
2024.07.04 14:46:54 INFO  [info] loading project definition from C:\Arthur\Efrei Paris\M1\S8\Functional Programming\Project\S8_FunctProg_Projet\project
2024.07.04 14:46:59 INFO  [success] Generated .bloop\s8_functprog_projet-build.json
2024.07.04 14:46:59 INFO  [success] Total time: 5 s, completed 4 juil. 2024, 14:46:59
2024.07.04 14:47:01 INFO  [info] loading settings for project root from build.sbt ...
2024.07.04 14:47:01 INFO  [info] set current project to S8_FunctProg_Projet (in build file:/C:/Arthur/Efrei%20Paris/M1/S8/Functional%20Programming/Project/S8_FunctProg_Projet/)
2024.07.04 14:47:11 INFO  [warn] scala3-library_3-3.3.3-sources.jar no longer exists at C:\Users\ethan\AppData\Local\Coursier\Cache\v1\https\repo1.maven.org\maven2\org\scala-lang\scala3-library_3\3.3.3\scala3-library_3-3.3.3-sources.jar
2024.07.04 14:47:11 INFO  [success] Generated .bloop\root.json
2024.07.04 14:47:11 INFO  [success] Generated .bloop\root-test.json
2024.07.04 14:47:11 INFO  [success] Total time: 10 s, completed 4 juil. 2024, 14:47:12
2024.07.04 14:47:12 INFO  time: ran 'sbt bloopInstall' in 29s
2024.07.04 14:47:12 INFO  Attempting to connect to the build server...
2024.07.04 14:47:12 INFO  tracing is disabled for protocol BSP, to enable tracing of incoming and outgoing JSON messages create an empty file at C:\Arthur\Efrei Paris\M1\S8\Functional Programming\Project\S8_FunctProg_Projet\.metals\bsp.trace.json or C:\Users\arrhu\AppData\Local\scalameta\metals\cache\bsp.trace.json
2024.07.04 14:47:12 INFO  Attempting to connect to the build server...
2024.07.04 14:47:12 INFO  tracing is disabled for protocol BSP, to enable tracing of incoming and outgoing JSON messages create an empty file at C:\Arthur\Efrei Paris\M1\S8\Functional Programming\Project\S8_FunctProg_Projet\project\.metals\bsp.trace.json or C:\Users\arrhu\AppData\Local\scalameta\metals\cache\bsp.trace.json
2024.07.04 14:47:12 INFO  time: Connected to build server in 0.35s
2024.07.04 14:47:12 INFO  Connected to Build server: Bloop v1.5.18
2024.07.04 14:47:12 INFO  time: Imported build in 0.15s
2024.07.04 14:47:24 INFO  time: indexed workspace in 11s
juil. 04, 2024 2:48:46 PM org.eclipse.lsp4j.jsonrpc.services.GenericEndpoint notify
INFO: Unsupported notification method: $/setTrace
